1487165694.491006 client@9 -> pts@/dev/pts/22: message size=67. opcode=1 num_param=6 seq_nr=0|param=1 uid=57217 type=0 len=2 value=0100|param=2 uid=57218 type=0 len=6 value=02000b000c00|param=3 uid=25440 type=0 len=1 value=01|param=4 uid=14751 type=0 len=1 value=1b|param=5 uid=28244 type=1 len=1 value=05|param=6 uid=28170 type=0 len=1 value=01|
1487165694.492258 client@10 -> pts@/dev/pts/23: message size=71. opcode=1 num_param=7 seq_nr=0|param=1 uid=19367 type=0 len=4 value=80000000|param=2 uid=57215 type=0 len=1 value=64|param=3 uid=57217 type=0 len=2 value=0100|param=4 uid=25440 type=0 len=1 value=01|param=5 uid=14751 type=0 len=1 value=1b|param=6 uid=28244 type=1 len=1 value=05|param=7 uid=28170 type=0 len=1 value=01|
1487165694.494226 client@11 -> pts@/dev/pts/24: message size=71. opcode=1 num_param=7 seq_nr=0|param=1 uid=19367 type=0 len=4 value=80000000|param=2 uid=57215 type=0 len=1 value=64|param=3 uid=57217 type=0 len=2 value=0100|param=4 uid=25440 type=0 len=1 value=01|param=5 uid=14751 type=0 len=1 value=1b|param=6 uid=28244 type=1 len=1 value=05|param=7 uid=28170 type=0 len=1 value=01|
1487165694.495340 client@12 -> pts@/dev/pts/25: message size=71. opcode=1 num_param=7 seq_nr=0|param=1 uid=19367 type=0 len=4 value=80000000|param=2 uid=57215 type=0 len=1 value=64|param=3 uid=57217 type=0 len=2 value=0100|param=4 uid=25440 type=0 len=1 value=01|param=5 uid=14751 type=0 len=1 value=1b|param=6 uid=28244 type=1 len=1 value=05|param=7 uid=28170 type=0 len=1 value=01|
1487165695.527445 pts@/dev/pts/22 -> client@9: message size=52. opcode=1 num_param=6 seq_nr=0|param=1 uid=57217 type=0 len=1 value=00|param=2 uid=57218 type=0 len=1 value=00|param=3 uid=25440 type=0 len=1 value=00|param=4 uid=14751 type=0 len=1 value=00|param=5 uid=28244 type=1 len=1 value=00|param=6 uid=28170 type=0 len=1 value=00|
1487165695.527590 Client@9 finished request from /dev/pts/22
1487165695.535669 pts@/dev/pts/23 -> client@10: message size=60. opcode=1 num_param=7 seq_nr=0|param=1 uid=19367 type=0 len=1 value=00|param=2 uid=57215 type=0 len=1 value=00|param=3 uid=57217 type=0 len=1 value=00|param=4 uid=25440 type=0 len=1 value=00|param=5 uid=14751 type=0 len=1 value=00|param=6 uid=28244 type=1 len=1 value=00|param=7 uid=28170 type=0 len=1 value=00|
1487165695.536821 pts@/dev/pts/24 -> client@11: message size=60. opcode=1 num_param=7 seq_nr=0|param=1 uid=19367 type=0 len=1 value=00|param=2 uid=57215 type=0 len=1 value=00|param=3 uid=57217 type=0 len=1 value=00|param=4 uid=25440 type=0 len=1 value=00|param=5 uid=14751 type=0 len=1 value=00|param=6 uid=28244 type=1 len=1 value=00|param=7 uid=28170 type=0 len=1 value=00|
1487165695.538556 pts@/dev/pts/25 -> client@12: message size=60. opcode=1 num_param=7 seq_nr=0|param=1 uid=19367 type=0 len=1 value=00|param=2 uid=57215 type=0 len=1 value=00|param=3 uid=57217 type=0 len=1 value=00|param=4 uid=25440 type=0 len=1 value=00|param=5 uid=14751 type=0 len=1 value=00|param=6 uid=28244 type=1 len=1 value=00|param=7 uid=28170 type=0 len=1 value=00|
1487165695.538665 Client@10 finished request from /dev/pts/23
1487165695.538704 Client@11 finished request from /dev/pts/24
1487165695.540531 Client@12 finished request from /dev/pts/25
1487165695.544777 client@9 -> pts@/dev/pts/23: message size=35. opcode=1 num_param=2 seq_nr=0|param=1 uid=28244 type=1 len=1 value=00|param=2 uid=28170 type=0 len=1 value=01|
1487165695.545998 client@10 -> pts@/dev/pts/24: message size=35. opcode=1 num_param=2 seq_nr=0|param=1 uid=28244 type=1 len=1 value=00|param=2 uid=28170 type=0 len=1 value=01|
1487165695.547191 client@11 -> pts@/dev/pts/25: message size=35. opcode=1 num_param=2 seq_nr=0|param=1 uid=28244 type=1 len=1 value=00|param=2 uid=28170 type=0 len=1 value=01|
1487165695.583137 pts@/dev/pts/25 -> client@11: message size=26. opcode=1 num_param=2 seq_nr=0|param=1 uid=28244 type=1 len=1 value=00|param=2 uid=28170 type=0 len=1 value=00|
1487165695.583275 Client@11 finished request from /dev/pts/25
1487165695.587197 pts@/dev/pts/23 -> client@9: message size=26. opcode=1 num_param=2 seq_nr=0|param=1 uid=28244 type=1 len=1 value=00|param=2 uid=28170 type=0 len=1 value=00|
1487165695.587704 Client@9 finished request from /dev/pts/23
1487165695.598488 pts@/dev/pts/24 -> client@10: message size=26. opcode=1 num_param=2 seq_nr=0|param=1 uid=28244 type=1 len=1 value=00|param=2 uid=28170 type=0 len=1 value=00|
1487165695.598591 Client@10 finished request from /dev/pts/24
1487165695.604535 client@9 -> pts@/dev/pts/22: message size=35. opcode=1 num_param=1 seq_nr=0|param=1 uid=57216 type=2 len=8 value=0000000000000000|
1487165695.604598 client@10 -> msg_queue => pts@/dev/pts/22: message size=35. 
1487165695.604611 client@11 -> msg_queue => pts@/dev/pts/22: message size=35. 
1487165695.616051 pts@/dev/pts/22 -> client@9: message size=20. opcode=1 num_param=1 seq_nr=0|param=1 uid=57216 type=2 len=1 value=00|
1487165695.616145 Client@9 finished request from /dev/pts/22
1487165695.618565 client@10 => msg_queue -> pts@/dev/pts/22: message size=35. opcode=1 num_param=1 seq_nr=0|param=1 uid=57216 type=11 len=8 value=0000000000000000|
1487165696.620399 pts@/dev/pts/22 -> client@10: message size=20. opcode=1 num_param=1 seq_nr=0|param=1 uid=57216 type=11 len=1 value=00|
1487165696.620499 Client@10 finished request from /dev/pts/22
1487165696.621586 client@11 => msg_queue -> pts@/dev/pts/22: message size=35. opcode=1 num_param=1 seq_nr=0|param=1 uid=57216 type=12 len=8 value=0000000000000000|
1487165696.626157 pts@/dev/pts/22 -> client@11: message size=20. opcode=1 num_param=1 seq_nr=0|param=1 uid=57216 type=12 len=1 value=00|
1487165696.629047 Client@11 finished request from /dev/pts/22
1487165698.632186 client@9 -> pts@/dev/pts/22: message size=27. opcode=0 num_param=1 seq_nr=0|param=1 uid=57216 type=2 len=10|
1487165698.632237 client@10 -> msg_queue => pts@/dev/pts/22: message size=27. 
1487165698.632251 client@11 -> msg_queue => pts@/dev/pts/22: message size=27. 
1487165699.634029 pts@/dev/pts/22 -> client@9: message size=32. opcode=0 num_param=1 seq_nr=0|param=1 uid=57216 type=2 len=10 value=5bdbfb169f001a00b900|
1487165699.634139 Client@9 finished request from /dev/pts/22
1487165699.635211 client@10 => msg_queue -> pts@/dev/pts/22: message size=27. opcode=0 num_param=1 seq_nr=0|param=1 uid=57216 type=11 len=10|
1487165699.640143 pts@/dev/pts/22 -> client@10: message size=32. opcode=0 num_param=1 seq_nr=0|param=1 uid=57216 type=11 len=10 value=94e4831387001f00bf00|
1487165699.640219 Client@10 finished request from /dev/pts/22
1487165699.641293 client@11 => msg_queue -> pts@/dev/pts/22: message size=27. opcode=0 num_param=1 seq_nr=0|param=1 uid=57216 type=12 len=10|
1487165699.645377 pts@/dev/pts/22 -> client@11: message size=32. opcode=0 num_param=1 seq_nr=0|param=1 uid=57216 type=12 len=10 value=fad9b1169d000f00c200|
1487165699.645940 Client@11 finished request from /dev/pts/22
1487165699.656016 client@9 -> pts@/dev/pts/23: message size=35. opcode=1 num_param=2 seq_nr=0|param=1 uid=28244 type=1 len=1 value=01|param=2 uid=28170 type=0 len=1 value=01|
1487165699.662872 client@10 -> pts@/dev/pts/24: message size=35. opcode=1 num_param=2 seq_nr=0|param=1 uid=28244 type=1 len=1 value=01|param=2 uid=28170 type=0 len=1 value=01|
1487165699.664058 client@11 -> pts@/dev/pts/25: message size=35. opcode=1 num_param=2 seq_nr=0|param=1 uid=28244 type=1 len=1 value=01|param=2 uid=28170 type=0 len=1 value=01|
1487165700.674014 pts@/dev/pts/23 -> client@9: message size=26. opcode=1 num_param=2 seq_nr=0|param=1 uid=28244 type=1 len=1 value=00|param=2 uid=28170 type=0 len=1 value=00|
1487165700.674109 Client@9 finished request from /dev/pts/23
1487165700.679207 pts@/dev/pts/24 -> client@10: message size=26. opcode=1 num_param=2 seq_nr=0|param=1 uid=28244 type=1 len=1 value=00|param=2 uid=28170 type=0 len=1 value=00|
1487165700.679448 Client@10 finished request from /dev/pts/24
1487165700.690119 pts@/dev/pts/25 -> client@11: message size=26. opcode=1 num_param=2 seq_nr=0|param=1 uid=28244 type=1 len=1 value=00|param=2 uid=28170 type=0 len=1 value=00|
1487165700.712001 Client@11 finished request from /dev/pts/25
1487165700.716686 client@9 -> pts@/dev/pts/22: message size=35. opcode=1 num_param=1 seq_nr=0|param=1 uid=57216 type=2 len=8 value=0000000000000000|
1487165700.716763 client@10 -> msg_queue => pts@/dev/pts/22: message size=35. 
1487165700.716790 client@11 -> msg_queue => pts@/dev/pts/22: message size=35. 
1487165701.720162 pts@/dev/pts/22 -> client@9: message size=20. opcode=1 num_param=1 seq_nr=0|param=1 uid=57216 type=2 len=1 value=00|
1487165701.720265 Client@9 finished request from /dev/pts/22
1487165701.721403 client@10 => msg_queue -> pts@/dev/pts/22: message size=35. opcode=1 num_param=1 seq_nr=0|param=1 uid=57216 type=11 len=8 value=0000000000000000|
1487165702.723288 pts@/dev/pts/22 -> client@10: message size=20. opcode=1 num_param=1 seq_nr=0|param=1 uid=57216 type=11 len=1 value=00|
1487165702.723365 Client@10 finished request from /dev/pts/22
1487165702.724453 client@11 => msg_queue -> pts@/dev/pts/22: message size=35. opcode=1 num_param=1 seq_nr=0|param=1 uid=57216 type=12 len=8 value=0000000000000000|
1487165702.727925 pts@/dev/pts/22 -> client@11: message size=20. opcode=1 num_param=1 seq_nr=0|param=1 uid=57216 type=12 len=1 value=00|
1487165702.728010 Client@11 finished request from /dev/pts/22
1487165704.731781 client@9 -> pts@/dev/pts/22: message size=27. opcode=0 num_param=1 seq_nr=0|param=1 uid=57216 type=2 len=10|
1487165704.731814 client@10 -> msg_queue => pts@/dev/pts/22: message size=27. 
1487165704.731820 client@11 -> msg_queue => pts@/dev/pts/22: message size=27. 
1487165705.733687 pts@/dev/pts/22 -> client@9: message size=32. opcode=0 num_param=1 seq_nr=0|param=1 uid=57216 type=2 len=10 value=00cf6020e00027002702|
1487165705.733785 Client@9 finished request from /dev/pts/22
1487165705.734857 client@10 => msg_queue -> pts@/dev/pts/22: message size=27. opcode=0 num_param=1 seq_nr=0|param=1 uid=57216 type=11 len=10|
1487165705.739130 pts@/dev/pts/22 -> client@10: message size=32. opcode=0 num_param=1 seq_nr=0|param=1 uid=57216 type=11 len=10 value=f8dfb417a40028003102|
1487165705.739225 Client@10 finished request from /dev/pts/22
1487165705.740298 client@11 => msg_queue -> pts@/dev/pts/22: message size=27. opcode=0 num_param=1 seq_nr=0|param=1 uid=57216 type=12 len=10|
1487165705.744137 pts@/dev/pts/22 -> client@11: message size=32. opcode=0 num_param=1 seq_nr=0|param=1 uid=57216 type=12 len=10 value=f4d4761bbe0009003502|
1487165705.744216 Client@11 finished request from /dev/pts/22
1487165705.758102 client@9 -> pts@/dev/pts/23: message size=35. opcode=1 num_param=2 seq_nr=0|param=1 uid=28244 type=1 len=1 value=02|param=2 uid=28170 type=0 len=1 value=01|
1487165705.760487 client@10 -> pts@/dev/pts/24: message size=35. opcode=1 num_param=2 seq_nr=0|param=1 uid=28244 type=1 len=1 value=02|param=2 uid=28170 type=0 len=1 value=01|
1487165705.761629 client@11 -> pts@/dev/pts/25: message size=35. opcode=1 num_param=2 seq_nr=0|param=1 uid=28244 type=1 len=1 value=02|param=2 uid=28170 type=0 len=1 value=01|
1487165705.776201 pts@/dev/pts/23 -> client@9: message size=26. opcode=1 num_param=2 seq_nr=0|param=1 uid=28244 type=1 len=1 value=00|param=2 uid=28170 type=0 len=1 value=00|
1487165705.776290 Client@9 finished request from /dev/pts/23
1487165705.787868 pts@/dev/pts/24 -> client@10: message size=26. opcode=1 num_param=2 seq_nr=0|param=1 uid=28244 type=1 len=1 value=00|param=2 uid=28170 type=0 len=1 value=00|
1487165705.787951 Client@10 finished request from /dev/pts/24
1487165705.791861 pts@/dev/pts/25 -> client@11: message size=26. opcode=1 num_param=2 seq_nr=0|param=1 uid=28244 type=1 len=1 value=00|param=2 uid=28170 type=0 len=1 value=00|
1487165705.792413 Client@11 finished request from /dev/pts/25
1487165705.797679 client@9 -> pts@/dev/pts/22: message size=35. opcode=1 num_param=1 seq_nr=0|param=1 uid=57216 type=2 len=8 value=0000000000000000|
1487165705.797736 client@10 -> msg_queue => pts@/dev/pts/22: message size=35. 
1487165705.797746 client@11 -> msg_queue => pts@/dev/pts/22: message size=35. 
1487165706.800501 pts@/dev/pts/22 -> client@9: message size=20. opcode=1 num_param=1 seq_nr=0|param=1 uid=57216 type=2 len=1 value=00|
1487165706.800598 Client@9 finished request from /dev/pts/22
1487165706.801686 client@10 => msg_queue -> pts@/dev/pts/22: message size=35. opcode=1 num_param=1 seq_nr=0|param=1 uid=57216 type=11 len=8 value=0000000000000000|
1487165706.804894 pts@/dev/pts/22 -> client@10: message size=20. opcode=1 num_param=1 seq_nr=0|param=1 uid=57216 type=11 len=1 value=00|
1487165706.804981 Client@10 finished request from /dev/pts/22
1487165706.806055 client@11 => msg_queue -> pts@/dev/pts/22: message size=35. opcode=1 num_param=1 seq_nr=0|param=1 uid=57216 type=12 len=8 value=0000000000000000|
1487165707.810234 pts@/dev/pts/22 -> client@11: message size=20. opcode=1 num_param=1 seq_nr=0|param=1 uid=57216 type=12 len=1 value=00|
1487165707.815911 Client@11 finished request from /dev/pts/22
1487165709.820230 client@9 -> pts@/dev/pts/22: message size=27. opcode=0 num_param=1 seq_nr=0|param=1 uid=57216 type=2 len=10|
1487165709.820308 client@10 -> msg_queue => pts@/dev/pts/22: message size=27. 
1487165709.820331 client@11 -> msg_queue => pts@/dev/pts/22: message size=27. 
1487165709.823615 pts@/dev/pts/22 -> client@9: message size=32. opcode=0 num_param=1 seq_nr=0|param=1 uid=57216 type=2 len=10 value=08da041ab4001c003803|
1487165709.823695 Client@9 finished request from /dev/pts/22
1487165709.824765 client@10 => msg_queue -> pts@/dev/pts/22: message size=27. opcode=0 num_param=1 seq_nr=0|param=1 uid=57216 type=11 len=10|
1487165710.826510 pts@/dev/pts/22 -> client@10: message size=32. opcode=0 num_param=1 seq_nr=0|param=1 uid=57216 type=11 len=10 value=d0d58520e10024007d03|
1487165710.826617 Client@10 finished request from /dev/pts/22
1487165710.827690 client@11 => msg_queue -> pts@/dev/pts/22: message size=27. opcode=0 num_param=1 seq_nr=0|param=1 uid=57216 type=12 len=10|
1487165710.830986 pts@/dev/pts/22 -> client@11: message size=32. opcode=0 num_param=1 seq_nr=0|param=1 uid=57216 type=12 len=10 value=a8d6511bbd0010007a03|
1487165710.831081 Client@11 finished request from /dev/pts/22
1487165710.840998 client@9 -> pts@/dev/pts/23: message size=35. opcode=1 num_param=2 seq_nr=0|param=1 uid=28244 type=1 len=1 value=03|param=2 uid=28170 type=0 len=1 value=01|
1487165710.842431 client@10 -> pts@/dev/pts/24: message size=35. opcode=1 num_param=2 seq_nr=0|param=1 uid=28244 type=1 len=1 value=03|param=2 uid=28170 type=0 len=1 value=01|
1487165710.845024 client@11 -> pts@/dev/pts/25: message size=35. opcode=1 num_param=2 seq_nr=0|param=1 uid=28244 type=1 len=1 value=03|param=2 uid=28170 type=0 len=1 value=01|
1487165711.845746 pts@/dev/pts/24 -> client@10: message size=26. opcode=1 num_param=2 seq_nr=0|param=1 uid=28244 type=1 len=1 value=00|param=2 uid=28170 type=0 len=1 value=00|
1487165711.845829 Client@10 finished request from /dev/pts/24
1487165711.852155 pts@/dev/pts/23 -> client@9: message size=26. opcode=1 num_param=2 seq_nr=0|param=1 uid=28244 type=1 len=1 value=00|param=2 uid=28170 type=0 len=1 value=00|
1487165711.852259 Client@9 finished request from /dev/pts/23
1487165711.854498 pts@/dev/pts/25 -> client@11: message size=26. opcode=1 num_param=2 seq_nr=0|param=1 uid=28244 type=1 len=1 value=00|param=2 uid=28170 type=0 len=1 value=00|
1487165711.855576 Client@11 finished request from /dev/pts/25
1487165711.858499 client@9 -> pts@/dev/pts/22: message size=35. opcode=1 num_param=1 seq_nr=0|param=1 uid=57216 type=2 len=8 value=0000000000000000|
1487165711.858553 client@10 -> msg_queue => pts@/dev/pts/22: message size=35. 
1487165711.858578 client@11 -> msg_queue => pts@/dev/pts/22: message size=35. 
1487165712.860495 pts@/dev/pts/22 -> client@9: message size=20. opcode=1 num_param=1 seq_nr=0|param=1 uid=57216 type=2 len=1 value=00|
1487165712.862845 Client@9 finished request from /dev/pts/22
1487165712.863921 client@10 => msg_queue -> pts@/dev/pts/22: message size=35. opcode=1 num_param=1 seq_nr=0|param=1 uid=57216 type=11 len=8 value=0000000000000000|
1487165712.867552 pts@/dev/pts/22 -> client@10: message size=20. opcode=1 num_param=1 seq_nr=0|param=1 uid=57216 type=11 len=1 value=00|
1487165712.867649 Client@10 finished request from /dev/pts/22
1487165712.868724 client@11 => msg_queue -> pts@/dev/pts/22: message size=35. opcode=1 num_param=1 seq_nr=0|param=1 uid=57216 type=12 len=8 value=0000000000000000|
1487165713.873420 pts@/dev/pts/22 -> client@11: message size=20. opcode=1 num_param=1 seq_nr=0|param=1 uid=57216 type=12 len=1 value=00|
1487165713.873517 Client@11 finished request from /dev/pts/22
1487165715.878363 client@9 -> pts@/dev/pts/22: message size=27. opcode=0 num_param=1 seq_nr=0|param=1 uid=57216 type=2 len=10|
1487165715.878420 client@10 -> msg_queue => pts@/dev/pts/22: message size=27. 
1487165715.878429 client@11 -> msg_queue => pts@/dev/pts/22: message size=27. 
1487165715.882036 pts@/dev/pts/22 -> client@9: message size=32. opcode=0 num_param=1 seq_nr=0|param=1 uid=57216 type=2 len=10 value=54e1d31597001600b304|
1487165715.882114 Client@9 finished request from /dev/pts/22
1487165715.883184 client@10 => msg_queue -> pts@/dev/pts/22: message size=27. opcode=0 num_param=1 seq_nr=0|param=1 uid=57216 type=11 len=10|
1487165716.886860 pts@/dev/pts/22 -> client@10: message size=32. opcode=0 num_param=1 seq_nr=0|param=1 uid=57216 type=11 len=10 value=58d8381fd8002800fe04|
1487165716.886935 Client@10 finished request from /dev/pts/22
1487165716.888002 client@11 => msg_queue -> pts@/dev/pts/22: message size=27. opcode=0 num_param=1 seq_nr=0|param=1 uid=57216 type=12 len=10|
1487165716.892320 pts@/dev/pts/22 -> client@11: message size=32. opcode=0 num_param=1 seq_nr=0|param=1 uid=57216 type=12 len=10 value=9edd8f17a3001000f004|
1487165716.892405 Client@11 finished request from /dev/pts/22
